<?xml version="1.0" encoding="UTF-8"?>
<!-- Generated by org.testng.reporters.JUnitXMLReporter -->
<testsuite hostname="LAPTOP-NUE1PJR8" ignored="0" name="AllRestTest" tests="4" failures="3" timestamp="19 Sep 2022 11:50:20 GMT" time="0.87" errors="0">
  <testcase name="validLogoutPg" time="0.311" classname="downloadstest.DownloadsTest"/>
  <testcase name="validVendCommonOpSystem" time="0.031" classname="downloadstest.DownloadsTest">
    <failure type="java.lang.AssertionError" message="Considered vendors dont have Common op-System: lists don&amp;apos;t have the same size expected [2] but found [0]">
      <![CDATA[java.lang.AssertionError: Considered vendors dont have Common op-System: lists don't have the same size expected [2] but found [0]
at downloadstest.DownloadsTest.validVendCommonOpSystem(DownloadsTest.java:24)
... Removed 31 stack frames]]>
    </failure>
  </testcase> <!-- validVendCommonOpSystem -->
  <testcase name="validvalidVendCommonOpSystem" time="0.024" classname="downloadstest.DownloadsTest">
    <failure type="java.lang.AssertionError" message="Considered vendors dont have 32bit op-System: lists don&amp;apos;t have the same size expected [4] but found [0]">
      <![CDATA[java.lang.AssertionError: Considered vendors dont have 32bit op-System: lists don't have the same size expected [4] but found [0]
at downloadstest.DownloadsTest.validvalidVendCommonOpSystem(DownloadsTest.java:36)
... Removed 31 stack frames]]>
    </failure>
  </testcase> <!-- validvalidVendCommonOpSystem -->
  <testcase name="countOfMaleUsers" time="0.023" classname="userpgtest.UserPgTest">
    <failure type="java.lang.AssertionError" message="expected [2] but found [0]">
      <![CDATA[java.lang.AssertionError: expected [2] but found [0]
at userpgtest.UserPgTest.countOfMaleUsers(UserPgTest.java:22)
... Removed 31 stack frames]]>
    </failure>
  </testcase> <!-- countOfMaleUsers -->
</testsuite> <!-- AllRestTest -->
