<?xml version="1.0" encoding="UTF-8"?>
<!-- Generated by org.testng.reporters.JUnitXMLReporter -->
<testsuite hostname="LAPTOP-NUE1PJR8" ignored="0" name="AllTest" tests="2" failures="2" timestamp="19 Sep 2022 11:40:34 GMT" time="0.409" errors="0">
  <testcase name="validLogoutPg" time="0.047" classname="downloadstest.DownloadsTest">
    <failure type="java.lang.NullPointerException">
      <![CDATA[java.lang.NullPointerException
at org.openqa.selenium.support.pagefactory.DefaultElementLocator.findElement(DefaultElementLocator.java:69)
at org.openqa.selenium.support.pagefactory.internal.LocatingElementHandler.invoke(LocatingElementHandler.java:38)
at com.sun.proxy.$Proxy11.click(Unknown Source)
at downloads.DownloadsPg.clickOnLogout(DownloadsPg.java:78)
at downloadstest.DownloadsTest.validLogoutPg(DownloadsTest.java:42)
... Removed 25 stack frames]]>
    </failure>
  </testcase> <!-- validLogoutPg -->
  <testcase name="validLogoutPg" time="0.123" classname="downloadstest.DownloadsTest">
    <failure type="java.lang.NullPointerException">
      <![CDATA[java.lang.NullPointerException
at utility.DriverUtility.getScreenshot(DriverUtility.java:18)
at listeners.MyListeners.onTestFailure(MyListeners.java:31)
... Removed 22 stack frames]]>
    </failure>
  </testcase> <!-- validLogoutPg -->
</testsuite> <!-- AllTest -->
