<?xml version="1.0" encoding="UTF-8"?>
<!-- Generated by org.testng.reporters.JUnitXMLReporter -->
<testsuite hostname="LAPTOP-NUE1PJR8" ignored="0" name="DashboardPgTest" tests="2" failures="2" timestamp="15 Sep 2022 10:05:20 GMT" time="0.006" errors="0">
  <testcase name="verirySelePgTitle" time="0.001" classname="dashboardtest.DashboardPgTest">
    <failure type="java.lang.NullPointerException">
      <![CDATA[java.lang.NullPointerException
at dashboardtest.DashboardPgTest.verirySelePgTitle(DashboardPgTest.java:30)
... Removed 25 stack frames]]>
    </failure>
  </testcase> <!-- verirySelePgTitle -->
  <testcase name="veriryJ2eePgTitle" time="0.0" classname="dashboardtest.DashboardPgTest">
    <failure type="java.lang.NullPointerException">
      <![CDATA[java.lang.NullPointerException
at dashboardtest.DashboardPgTest.veriryJ2eePgTitle(DashboardPgTest.java:42)
... Removed 25 stack frames]]>
    </failure>
  </testcase> <!-- veriryJ2eePgTitle -->
</testsuite> <!-- DashboardPgTest -->
