<?xml version="1.0" encoding="UTF-8"?>
<!-- Generated by org.testng.reporters.JUnitXMLReporter -->
<testsuite hostname="LAPTOP-NUE1PJR8" ignored="0" name="DashboardPgTest" tests="5" failures="5" timestamp="07 Oct 2022 18:21:40 GMT" time="0.062" errors="0">
  <testcase name="verirySelePgTitle" time="0.027" classname="dashboardtest.DashboardPgTest">
    <failure type="java.lang.NullPointerException">
      <![CDATA[java.lang.NullPointerException
at dashboardpg.DashboardPg.clickSeleCourse(DashboardPg.java:35)
at dashboardtest.DashboardPgTest.verirySelePgTitle(DashboardPgTest.java:18)
at java.util.concurrent.FutureTask.run(FutureTask.java:266)
at java.util.concurrent.ThreadPoolExecutor.runWorker(ThreadPoolExecutor.java:1149)
at java.util.concurrent.ThreadPoolExecutor$Worker.run(ThreadPoolExecutor.java:624)
at java.lang.Thread.run(Thread.java:748)
... Removed 16 stack frames]]>
    </failure>
  </testcase> <!-- verirySelePgTitle -->
  <testcase name="veriryJ2eePgTitle" time="0.003" classname="dashboardtest.DashboardPgTest">
    <failure type="java.lang.NullPointerException">
      <![CDATA[java.lang.NullPointerException
at dashboardpg.DashboardPg.clickJ2eeCourse(DashboardPg.java:47)
at dashboardtest.DashboardPgTest.veriryJ2eePgTitle(DashboardPgTest.java:30)
at java.util.concurrent.FutureTask.run(FutureTask.java:266)
at java.util.concurrent.ThreadPoolExecutor.runWorker(ThreadPoolExecutor.java:1149)
at java.util.concurrent.ThreadPoolExecutor$Worker.run(ThreadPoolExecutor.java:624)
at java.lang.Thread.run(Thread.java:748)
... Removed 16 stack frames]]>
    </failure>
  </testcase> <!-- veriryJ2eePgTitle -->
  <testcase name="veriryPythonPgTitle" time="0.001" classname="dashboardtest.DashboardPgTest">
    <failure type="java.lang.NullPointerException">
      <![CDATA[java.lang.NullPointerException
at dashboardpg.DashboardPg.clickPythCourse(DashboardPg.java:58)
at dashboardtest.DashboardPgTest.veriryPythonPgTitle(DashboardPgTest.java:37)
at java.util.concurrent.FutureTask.run(FutureTask.java:266)
at java.util.concurrent.ThreadPoolExecutor.runWorker(ThreadPoolExecutor.java:1149)
at java.util.concurrent.ThreadPoolExecutor$Worker.run(ThreadPoolExecutor.java:624)
at java.lang.Thread.run(Thread.java:748)
... Removed 16 stack frames]]>
    </failure>
  </testcase> <!-- veriryPythonPgTitle -->
  <testcase name="veriryPhpPgTitle" time="0.001" classname="dashboardtest.DashboardPgTest">
    <failure type="java.lang.NullPointerException">
      <![CDATA[java.lang.NullPointerException
at dashboardpg.DashboardPg.clickPhpCourse(DashboardPg.java:68)
at dashboardtest.DashboardPgTest.veriryPhpPgTitle(DashboardPgTest.java:44)
at java.util.concurrent.FutureTask.run(FutureTask.java:266)
at java.util.concurrent.ThreadPoolExecutor.runWorker(ThreadPoolExecutor.java:1149)
at java.util.concurrent.ThreadPoolExecutor$Worker.run(ThreadPoolExecutor.java:624)
at java.lang.Thread.run(Thread.java:748)
... Removed 16 stack frames]]>
    </failure>
  </testcase> <!-- veriryPhpPgTitle -->
  <testcase name="veriryUserPgLoad" time="0.001" classname="dashboardtest.DashboardPgTest">
    <failure type="java.lang.NullPointerException">
      <![CDATA[java.lang.NullPointerException
at org.openqa.selenium.support.pagefactory.DefaultElementLocator.findElement(DefaultElementLocator.java:69)
at org.openqa.selenium.support.pagefactory.internal.LocatingElementHandler.invoke(LocatingElementHandler.java:38)
at com.sun.proxy.$Proxy11.click(Unknown Source)
at dashboardpg.DashboardPg.clickUser(DashboardPg.java:78)
at dashboardtest.DashboardPgTest.veriryUserPgLoad(DashboardPgTest.java:51)
at java.util.concurrent.FutureTask.run(FutureTask.java:266)
at java.util.concurrent.ThreadPoolExecutor.runWorker(ThreadPoolExecutor.java:1149)
at java.util.concurrent.ThreadPoolExecutor$Worker.run(ThreadPoolExecutor.java:624)
at java.lang.Thread.run(Thread.java:748)
... Removed 16 stack frames]]>
    </failure>
  </testcase> <!-- veriryUserPgLoad -->
</testsuite> <!-- DashboardPgTest -->
