<?xml version="1.0" encoding="UTF-8"?>
<!-- Generated by org.testng.reporters.JUnitXMLReporter -->
<testsuite hostname="LAPTOP-NUE1PJR8" ignored="0" name="LoginTest" tests="6" failures="2" timestamp="26 Sep 2022 10:41:29 GMT" time="145.559" errors="0">
  <testcase name="varifyEmailBySymbol" time="0.266" classname="loginpgtest.LoginPgTest"/>
  <testcase name="varifyEmailByExtn" time="0.268" classname="loginpgtest.LoginPgTest"/>
  <testcase name="varifyPasswordByUpCase" time="0.158" classname="loginpgtest.LoginPgTest">
    <failure type="java.lang.AssertionError" message="expected [true] but found [false]">
      <![CDATA[java.lang.AssertionError: expected [true] but found [false]
at loginpgtest.LoginPgTest.varifyPasswordByUpCase(LoginPgTest.java:59)
... Removed 29 stack frames]]>
    </failure>
  </testcase> <!-- varifyPasswordByUpCase -->
  <testcase name="varifyPasswordByLowCase" time="0.097" classname="loginpgtest.LoginPgTest">
    <failure type="java.lang.AssertionError" message="expected [true] but found [false]">
      <![CDATA[java.lang.AssertionError: expected [true] but found [false]
at loginpgtest.LoginPgTest.varifyPasswordByLowCase(LoginPgTest.java:70)
... Removed 29 stack frames]]>
    </failure>
  </testcase> <!-- varifyPasswordByLowCase -->
  <testcase name="varifyPasswordByDigits" time="0.105" classname="loginpgtest.LoginPgTest"/>
  <testcase name="varifyNewPgLoad" time="9.687" classname="loginpgtest.LoginPgTest"/>
</testsuite> <!-- LoginTest -->
