<?xml version="1.0" encoding="UTF-8"?>
<!-- Generated by org.testng.reporters.JUnitXMLReporter -->
<testsuite hostname="LAPTOP-NUE1PJR8" ignored="0" name="LoginPgTest" tests="6" failures="2" timestamp="07 Oct 2022 18:21:51 GMT" time="10.804" errors="0">
  <testcase name="varifyEmailBySymbol" time="0.161" classname="loginpgtest.LoginPgTest"/>
  <testcase name="varifyEmailByExtn" time="0.163" classname="loginpgtest.LoginPgTest"/>
  <testcase name="varifyPasswordByUpCase" time="0.117" classname="loginpgtest.LoginPgTest">
    <failure type="java.lang.AssertionError" message="expected [true] but found [false]">
      <![CDATA[java.lang.AssertionError: expected [true] but found [false]
at loginpgtest.LoginPgTest.varifyPasswordByUpCase(LoginPgTest.java:65)
at java.util.concurrent.FutureTask.run(FutureTask.java:266)
at java.util.concurrent.ThreadPoolExecutor.runWorker(ThreadPoolExecutor.java:1149)
at java.util.concurrent.ThreadPoolExecutor$Worker.run(ThreadPoolExecutor.java:624)
at java.lang.Thread.run(Thread.java:748)
... Removed 20 stack frames]]>
    </failure>
  </testcase> <!-- varifyPasswordByUpCase -->
  <testcase name="varifyPasswordByLowCase" time="0.112" classname="loginpgtest.LoginPgTest">
    <failure type="java.lang.AssertionError" message="expected [true] but found [false]">
      <![CDATA[java.lang.AssertionError: expected [true] but found [false]
at loginpgtest.LoginPgTest.varifyPasswordByLowCase(LoginPgTest.java:76)
at java.util.concurrent.FutureTask.run(FutureTask.java:266)
at java.util.concurrent.ThreadPoolExecutor.runWorker(ThreadPoolExecutor.java:1149)
at java.util.concurrent.ThreadPoolExecutor$Worker.run(ThreadPoolExecutor.java:624)
at java.lang.Thread.run(Thread.java:748)
... Removed 20 stack frames]]>
    </failure>
  </testcase> <!-- varifyPasswordByLowCase -->
  <testcase name="varifyPasswordByDigits" time="0.114" classname="loginpgtest.LoginPgTest"/>
  <testcase name="varifyNewPgLoad" time="0.412" classname="loginpgtest.LoginPgTest"/>
</testsuite> <!-- LoginPgTest -->
