<?xml version="1.0" encoding="UTF-8"?>
<!-- Generated by org.testng.reporters.JUnitXMLReporter -->
<testsuite hostname="LAPTOP-NUE1PJR8" ignored="0" name="OperatorsTest" tests="4" failures="0" timestamp="26 Sep 2022 10:41:45 GMT" time="0.713" errors="0">
  <testcase name="varifyAvailOpByDays" time="0.201" classname="operatorspgtest.OperatorsPgTest"/>
  <testcase name="varifyAvailTechPerson" time="0.188" classname="operatorspgtest.OperatorsPgTest"/>
  <testcase name="varifyPhNoOfKiran" time="0.156" classname="operatorspgtest.OperatorsPgTest"/>
  <testcase name="varifyUsefulLinksPg" time="0.163" classname="operatorspgtest.OperatorsPgTest"/>
</testsuite> <!-- OperatorsTest -->
