<?xml version="1.0" encoding="UTF-8"?>
<!-- Generated by org.testng.reporters.JUnitXMLReporter -->
<testsuite hostname="LAPTOP-NUE1PJR8" ignored="0" name="Test" tests="4" failures="2" timestamp="14 Sep 2022 10:30:50 GMT" time="2.474" errors="0">
  <testcase name="countOfMaleUsers" time="0.028" classname="userpgtest.UserPgTest">
    <failure type="java.lang.NullPointerException">
      <![CDATA[java.lang.NullPointerException
at baseclass.BaseClass.usersMaleOccur(BaseClass.java:33)
at userpg.UserPg.searchCounts(UserPg.java:28)
at userpgtest.UserPgTest.countOfMaleUsers(UserPgTest.java:17)
... Removed 25 stack frames]]>
    </failure>
  </testcase> <!-- countOfMaleUsers -->
  <testcase name="verirySelePgTitle" time="0.002" classname="dashboardtest.DashboardPgTest">
    <failure type="java.lang.NullPointerException">
      <![CDATA[java.lang.NullPointerException
at dashboardtest.DashboardPgTest.verirySelePgTitle(DashboardPgTest.java:30)
... Removed 25 stack frames]]>
    </failure>
  </testcase> <!-- verirySelePgTitle -->
  <testcase name="varifyEmailBySymbol" time="0.163" classname="loginpgtest.LoginPgTest"/>
  <testcase name="varifyMobileNoOfUsers" time="0.05" classname="userpgtest.UserPgTest"/>
</testsuite> <!-- Test -->
